<?xml version="1.0" encoding="UTF-8"?>
<!-- Generated by org.testng.reporters.JUnitXMLReporter -->
<testsuite ignored="0" hostname="LAPTOP-8IH119MF" failures="1" tests="1" name="Command line test" time="21.373" errors="0" timestamp="2021-11-20T21:33:28 MSK">
  <testcase classname="CalcTest" name="calc" time="3.387">
    <failure type="org.openqa.selenium.NoSuchElementException" message="An element could not be located on the page using the given search parameters. (WARNING: The server did not provide any stacktrace information)
Command duration or timeout: 1.15 seconds
For documentation on this error, please visit: http://seleniumhq.org/exceptions/no_such_element.html
Build info: version: &amp;apos;2.53.1&amp;apos;, revision: &amp;apos;a36b8b1cd5757287168e54b817830adce9b0158d&amp;apos;, time: &amp;apos;2016-06-30 19:26:09&amp;apos;
System info: host: &amp;apos;LAPTOP-8IH119MF&amp;apos;, ip: &amp;apos;192.168.0.169&amp;apos;, os.name: &amp;apos;Windows 10&amp;apos;, os.arch: &amp;apos;amd64&amp;apos;, os.version: &amp;apos;10.0&amp;apos;, java.version: &amp;apos;11&amp;apos;
Driver info: io.appium.java_client.android.AndroidDriver
Capabilities [{appPackage=com.android.calculator2, deviceScreenSize=1080x1920, networkConnectionEnabled=true, statBarHeight=63, warnings={}, viewportRect={top=63, left=0, width=1080, height=1731}, databaseEnabled=false, deviceName=emulator-5554, platform=LINUX, deviceUDID=emulator-5554, appActivity=com.android.calculator2.Calculator, desired={appPackage=com.android.calculator2, appActivity=com.android.calculator2.Calculator, platformVersion=9.0, platformName=Android, udid=emulator-5554, deviceName=pixel}, platformVersion=9, pixelRatio=2.625, webStorageEnabled=false, locationContextEnabled=false, takesScreenshot=true, javascriptEnabled=true, deviceScreenDensity=420, deviceModel=AOSP on IA Emulator, platformName=Android, udid=emulator-5554, deviceApiLevel=28, deviceManufacturer=Google}]
Session ID: a16a49df-9e2c-45c7-961d-4746eff2b925
*** Element info: {Using=id, value=com.android.calculator2:id/formula}">
      <![CDATA[org.openqa.selenium.NoSuchElementException: An element could not be located on the page using the given search parameters. (WARNING: The server did not provide any stacktrace information)
Command duration or timeout: 1.15 seconds
For documentation on this error, please visit: http://seleniumhq.org/exceptions/no_such_element.html
Build info: version: '2.53.1', revision: 'a36b8b1cd5757287168e54b817830adce9b0158d', time: '2016-06-30 19:26:09'
System info: host: 'LAPTOP-8IH119MF', ip: '192.168.0.169', os.name: 'Windows 10', os.arch: 'amd64', os.version: '10.0', java.version: '11'
Driver info: io.appium.java_client.android.AndroidDriver
Capabilities [{appPackage=com.android.calculator2, deviceScreenSize=1080x1920, networkConnectionEnabled=true, statBarHeight=63, warnings={}, viewportRect={top=63, left=0, width=1080, height=1731}, databaseEnabled=false, deviceName=emulator-5554, platform=LINUX, deviceUDID=emulator-5554, appActivity=com.android.calculator2.Calculator, desired={appPackage=com.android.calculator2, appActivity=com.android.calculator2.Calculator, platformVersion=9.0, platformName=Android, udid=emulator-5554, deviceName=pixel}, platformVersion=9, pixelRatio=2.625, webStorageEnabled=false, locationContextEnabled=false, takesScreenshot=true, javascriptEnabled=true, deviceScreenDensity=420, deviceModel=AOSP on IA Emulator, platformName=Android, udid=emulator-5554, deviceApiLevel=28, deviceManufacturer=Google}]
Session ID: a16a49df-9e2c-45c7-961d-4746eff2b925
*** Element info: {Using=id, value=com.android.calculator2:id/formula}
at org.openqa.selenium.remote.ErrorHandler.createThrowable(ErrorHandler.java:206)
at org.openqa.selenium.remote.ErrorHandler.throwIfResponseFailed(ErrorHandler.java:158)
at org.openqa.selenium.remote.RemoteWebDriver.execute(RemoteWebDriver.java:678)
at io.appium.java_client.DefaultGenericMobileDriver.execute(DefaultGenericMobileDriver.java:40)
at io.appium.java_client.AppiumDriver.execute(AppiumDriver.java:1)
at io.appium.java_client.android.AndroidDriver.execute(AndroidDriver.java:1)
at org.openqa.selenium.remote.RemoteWebDriver.findElement(RemoteWebDriver.java:363)
at io.appium.java_client.DefaultGenericMobileDriver.findElement(DefaultGenericMobileDriver.java:56)
at io.appium.java_client.AppiumDriver.findElement(AppiumDriver.java:1)
at io.appium.java_client.android.AndroidDriver.findElement(AndroidDriver.java:1)
at org.openqa.selenium.remote.RemoteWebDriver.findElementById(RemoteWebDriver.java:413)
at io.appium.java_client.DefaultGenericMobileDriver.findElementById(DefaultGenericMobileDriver.java:64)
at io.appium.java_client.AppiumDriver.findElementById(AppiumDriver.java:1)
at io.appium.java_client.android.AndroidDriver.findElementById(AndroidDriver.java:1)
at CalcTest.calc(CalcTest.java:32)
at java.base/java.util.ArrayList.forEach(ArrayList.java:1540)
... Removed 40 stack frames]]>
    </failure>
  </testcase> <!-- calc -->
</testsuite> <!-- Command line test -->
