<?xml version="1.0" encoding="UTF-8" ?>
<testsuite tests="1" failures="1" name="CalcTest" time="3.579" errors="0" skipped="0">
  <properties>
[...]
</properties>
  <testcase classname="CalcTest" name="calc" time="3.579">
    <failure message="An element could not be located on the page using the given search parameters. (WARNING: The server did not provide any stacktrace information)
Command duration or timeout: 1.15 seconds
For documentation on this error, please visit: http://seleniumhq.org/exceptions/no_such_element.html
Build info: version: &apos;2.53.1&apos;, revision: &apos;a36b8b1cd5757287168e54b817830adce9b0158d&apos;, time: &apos;2016-06-30 19:26:09&apos;
System info: host: &apos;LAPTOP-8IH119MF&apos;, ip: &apos;192.168.0.169&apos;, os.name: &apos;Windows 10&apos;, os.arch: &apos;amd64&apos;, os.version: &apos;10.0&apos;, java.version: &apos;11&apos;
Driver info: io.appium.java_client.android.AndroidDriver
Capabilities [{appPackage=com.android.calculator2, deviceScreenSize=1080x1920, networkConnectionEnabled=true, statBarHeight=63, warnings={}, viewportRect={top=63, left=0, width=1080, height=1731}, databaseEnabled=false, deviceName=emulator-5554, platform=LINUX, deviceUDID=emulator-5554, appActivity=com.android.calculator2.Calculator, desired={appPackage=com.android.calculator2, appActivity=com.android.calculator2.Calculator, platformVersion=9.0, platformName=Android, udid=emulator-5554, deviceName=pixel}, platformVersion=9, pixelRatio=2.625, webStorageEnabled=false, locationContextEnabled=false, takesScreenshot=true, javascriptEnabled=true, deviceScreenDensity=420, deviceModel=AOSP on IA Emulator, platformName=Android, udid=emulator-5554, deviceApiLevel=28, deviceManufacturer=Google}]
Session ID: a16a49df-9e2c-45c7-961d-4746eff2b925
*** Element info: {Using=id, value=com.android.calculator2:id/formula}" type="org.openqa.selenium.NoSuchElementException">org.openqa.selenium.NoSuchElementException: An element could not be located on the page using the given search parameters. (WARNING: The server did not provide any stacktrace information)
Command duration or timeout: 1.15 seconds
For documentation on this error, please visit: http://seleniumhq.org/exceptions/no_such_element.html
Build info: version: &apos;2.53.1&apos;, revision: &apos;a36b8b1cd5757287168e54b817830adce9b0158d&apos;, time: &apos;2016-06-30 19:26:09&apos;
System info: host: &apos;LAPTOP-8IH119MF&apos;, ip: &apos;192.168.0.169&apos;, os.name: &apos;Windows 10&apos;, os.arch: &apos;amd64&apos;, os.version: &apos;10.0&apos;, java.version: &apos;11&apos;
Driver info: io.appium.java_client.android.AndroidDriver
Capabilities [{appPackage=com.android.calculator2, deviceScreenSize=1080x1920, networkConnectionEnabled=true, statBarHeight=63, warnings={}, viewportRect={top=63, left=0, width=1080, height=1731}, databaseEnabled=false, deviceName=emulator-5554, platform=LINUX, deviceUDID=emulator-5554, appActivity=com.android.calculator2.Calculator, desired={appPackage=com.android.calculator2, appActivity=com.android.calculator2.Calculator, platformVersion=9.0, platformName=Android, udid=emulator-5554, deviceName=pixel}, platformVersion=9, pixelRatio=2.625, webStorageEnabled=false, locationContextEnabled=false, takesScreenshot=true, javascriptEnabled=true, deviceScreenDensity=420, deviceModel=AOSP on IA Emulator, platformName=Android, udid=emulator-5554, deviceApiLevel=28, deviceManufacturer=Google}]
Session ID: a16a49df-9e2c-45c7-961d-4746eff2b925
*** Element info: {Using=id, value=com.android.calculator2:id/formula}
	at java.base/jdk.internal.reflect.NativeConstructorAccessorImpl.newInstance0(Native Method)
	at java.base/jdk.internal.reflect.NativeConstructorAccessorImpl.newInstance(NativeConstructorAccessorImpl.java:62)
	at java.base/jdk.internal.reflect.DelegatingConstructorAccessorImpl.newInstance(DelegatingConstructorAccessorImpl.java:45)
	at java.base/java.lang.reflect.Constructor.newInstance(Constructor.java:490)
	at org.openqa.selenium.remote.ErrorHandler.createThrowable(ErrorHandler.java:206)
	at org.openqa.selenium.remote.ErrorHandler.throwIfResponseFailed(ErrorHandler.java:158)
	at org.openqa.selenium.remote.RemoteWebDriver.execute(RemoteWebDriver.java:678)
	at io.appium.java_client.DefaultGenericMobileDriver.execute(DefaultGenericMobileDriver.java:40)
	at io.appium.java_client.AppiumDriver.execute(AppiumDriver.java:1)
	at io.appium.java_client.android.AndroidDriver.execute(AndroidDriver.java:1)
	at org.openqa.selenium.remote.RemoteWebDriver.findElement(RemoteWebDriver.java:363)
	at io.appium.java_client.DefaultGenericMobileDriver.findElement(DefaultGenericMobileDriver.java:56)
	at io.appium.java_client.AppiumDriver.findElement(AppiumDriver.java:1)
	at io.appium.java_client.android.AndroidDriver.findElement(AndroidDriver.java:1)
	at org.openqa.selenium.remote.RemoteWebDriver.findElementById(RemoteWebDriver.java:413)
	at io.appium.java_client.DefaultGenericMobileDriver.findElementById(DefaultGenericMobileDriver.java:64)
	at io.appium.java_client.AppiumDriver.findElementById(AppiumDriver.java:1)
	at io.appium.java_client.android.AndroidDriver.findElementById(AndroidDriver.java:1)
	at CalcTest.calc(CalcTest.java:32)
</failure>
    <system-out>Configuring TestNG with: org.apache.maven.surefire.testng.conf.TestNG652Configurator@57e1b0c
</system-out>
  </testcase>
</testsuite>